# JRE version: OpenJDK Runtime Environment (8.0) (build 1.8.0-25-microsoft-b00)
# Java VM: OpenJDK 64-Bit Server VM (25.71-b00 mixed mode windows-amd64 compressed oops)
Heap:
 PSYoungGen      total 199168K, used 74069K [0x00000000eab00000, 0x0000000100000000, 0x0000000100000000)
  eden space 124928K, 0% used [0x00000000eab00000,0x00000000eab00000,0x00000000f2500000)
  from space 74240K, 99% used [0x00000000f2500000,0x00000000f6d556f0,0x00000000f6d80000)
  to   space 115200K, 0% used [0x00000000f8f80000,0x00000000f8f80000,0x0000000100000000)
 ParOldGen       total 250880K, used 226601K [0x00000000c0000000, 0x00000000cf500000, 0x00000000eab00000)
  object space 250880K, 90% used [0x00000000c0000000,0x00000000cdd4a700,0x00000000cf500000)
 Metaspace       used 7000K, capacity 7608K, committed 7936K, reserved 1056768K
  class space    used 628K, capacity 688K, committed 768K, reserved 1048576K
GC Heap History (10 events):
Event: 5.880 GC heap after
Heap after GC invocations=10 (full 1):
 PSYoungGen      total 274432K, used 70603K [0x00000000eab00000, 0x0000000100000000, 0x0000000100000000)
  eden space 203776K, 0% used [0x00000000eab00000,0x00000000eab00000,0x00000000f7200000)
  from space 70656K, 99% used [0x00000000f7200000,0x00000000fb6f2da0,0x00000000fb700000)
  to   space 74752K, 0% used [0x00000000fb700000,0x00000000fb700000,0x0000000100000000)
 ParOldGen       total 250880K, used 140392K [0x00000000c0000000, 0x00000000cf500000, 0x00000000eab00000)
  object space 250880K, 55% used [0x00000000c0000000,0x00000000c891a170,0x00000000cf500000)
 Metaspace       used 6728K, capacity 7350K, committed 7552K, reserved 1056768K
  class space    used 611K, capacity 622K, committed 640K, reserved 1048576K
}
Event: 6.328 GC heap before
{Heap before GC invocations=11 (full 1):
 PSYoungGen      total 274432K, used 274379K [0x00000000eab00000, 0x0000000100000000, 0x0000000100000000)
  eden space 203776K, 100% used [0x00000000eab00000,0x00000000f7200000,0x00000000f7200000)
  from space 70656K, 99% used [0x00000000f7200000,0x00000000fb6f2da0,0x00000000fb700000)
  to   space 74752K, 0% used [0x00000000fb700000,0x00000000fb700000,0x0000000100000000)
 ParOldGen       total 250880K, used 140392K [0x00000000c0000000, 0x00000000cf500000, 0x00000000eab00000)
  object space 250880K, 55% used [0x00000000c0000000,0x00000000c891a170,0x00000000cf500000)
 Metaspace       used 6732K, capacity 7350K, committed 7552K, reserved 1056768K
  class space    used 611K, capacity 622K, committed 640K, reserved 1048576K
Event: 6.408 GC heap after
Heap after GC invocations=11 (full 1):
 PSYoungGen      total 220160K, used 74743K [0x00000000eab00000, 0x0000000100000000, 0x0000000100000000)
  eden space 145408K, 0% used [0x00000000eab00000,0x00000000eab00000,0x00000000f3900000)
  from space 74752K, 99% used [0x00000000fb700000,0x00000000ffffdda8,0x0000000100000000)
  to   space 101888K, 0% used [0x00000000f3900000,0x00000000f3900000,0x00000000f9c80000)
 ParOldGen       total 250880K, used 165527K [0x00000000c0000000, 0x00000000cf500000, 0x00000000eab00000)
  object space 250880K, 65% used [0x00000000c0000000,0x00000000ca1a5fc0,0x00000000cf500000)
 Metaspace       used 6732K, capacity 7350K, committed 7552K, reserved 1056768K
  class space    used 611K, capacity 622K, committed 640K, reserved 1048576K
}
Event: 6.713 GC heap before
{Heap before GC invocations=12 (full 1):
 PSYoungGen      total 220160K, used 220151K [0x00000000eab00000, 0x0000000100000000, 0x0000000100000000)
  eden space 145408K, 100% used [0x00000000eab00000,0x00000000f3900000,0x00000000f3900000)
  from space 74752K, 99% used [0x00000000fb700000,0x00000000ffffdda8,0x0000000100000000)
  to   space 101888K, 0% used [0x00000000f3900000,0x00000000f3900000,0x00000000f9c80000)
 ParOldGen       total 250880K, used 165527K [0x00000000c0000000, 0x00000000cf500000, 0x00000000eab00000)
  object space 250880K, 65% used [0x00000000c0000000,0x00000000ca1a5fc0,0x00000000cf500000)
 Metaspace       used 6741K, capacity 7350K, committed 7552K, reserved 1056768K
  class space    used 611K, capacity 622K, committed 640K, reserved 1048576K
Event: 6.786 GC heap after
Heap after GC invocations=12 (full 1):
 PSYoungGen      total 209408K, used 63731K [0x00000000eab00000, 0x0000000100000000, 0x0000000100000000)
  eden space 145408K, 0% used [0x00000000eab00000,0x00000000eab00000,0x00000000f3900000)
  from space 64000K, 99% used [0x00000000f3900000,0x00000000f773cc70,0x00000000f7780000)
  to   space 103424K, 0% used [0x00000000f9b00000,0x00000000f9b00000,0x0000000100000000)
 ParOldGen       total 250880K, used 199112K [0x00000000c0000000, 0x00000000cf500000, 0x00000000eab00000)
  object space 250880K, 79% used [0x00000000c0000000,0x00000000cc2720e0,0x00000000cf500000)
 Metaspace       used 6741K, capacity 7350K, committed 7552K, reserved 1056768K
  class space    used 611K, capacity 622K, committed 640K, reserved 1048576K
}
Event: 7.045 GC heap before
{Heap before GC invocations=13 (full 1):
 PSYoungGen      total 209408K, used 209139K [0x00000000eab00000, 0x0000000100000000, 0x0000000100000000)
  eden space 145408K, 100% used [0x00000000eab00000,0x00000000f3900000,0x00000000f3900000)
  from space 64000K, 99% used [0x00000000f3900000,0x00000000f773cc70,0x00000000f7780000)
  to   space 103424K, 0% used [0x00000000f9b00000,0x00000000f9b00000,0x0000000100000000)
 ParOldGen       total 250880K, used 199112K [0x00000000c0000000, 0x00000000cf500000, 0x00000000eab00000)
  object space 250880K, 79% used [0x00000000c0000000,0x00000000cc2720e0,0x00000000cf500000)
 Metaspace       used 6750K, capacity 7350K, committed 7552K, reserved 1056768K
  class space    used 611K, capacity 622K, committed 640K, reserved 1048576K
Event: 7.109 GC heap after
Heap after GC invocations=13 (full 1):
 PSYoungGen      total 228352K, used 84777K [0x00000000eab00000, 0x0000000100000000, 0x0000000100000000)
  eden space 124928K, 0% used [0x00000000eab00000,0x00000000eab00000,0x00000000f2500000)
  from space 103424K, 81% used [0x00000000f9b00000,0x00000000fedca410,0x0000000100000000)
  to   space 112128K, 0% used [0x00000000f2500000,0x00000000f2500000,0x00000000f9280000)
 ParOldGen       total 250880K, used 199120K [0x00000000c0000000, 0x00000000cf500000, 0x00000000eab00000)
  object space 250880K, 79% used [0x00000000c0000000,0x00000000cc2740e0,0x00000000cf500000)
 Metaspace       used 6750K, capacity 7350K, committed 7552K, reserved 1056768K
  class space    used 611K, capacity 622K, committed 640K, reserved 1048576K
}
Event: 8.094 GC heap before
{Heap before GC invocations=14 (full 1):
 PSYoungGen      total 228352K, used 209705K [0x00000000eab00000, 0x0000000100000000, 0x0000000100000000)
  eden space 124928K, 100% used [0x00000000eab00000,0x00000000f2500000,0x00000000f2500000)
  from space 103424K, 81% used [0x00000000f9b00000,0x00000000fedca410,0x0000000100000000)
  to   space 112128K, 0% used [0x00000000f2500000,0x00000000f2500000,0x00000000f9280000)
 ParOldGen       total 250880K, used 199120K [0x00000000c0000000, 0x00000000cf500000, 0x00000000eab00000)
  object space 250880K, 79% used [0x00000000c0000000,0x00000000cc2740e0,0x00000000cf500000)
 Metaspace       used 7000K, capacity 7608K, committed 7936K, reserved 1056768K
  class space    used 628K, capacity 688K, committed 768K, reserved 1048576K
Event: 8.178 GC heap after
Heap after GC invocations=14 (full 1):
 PSYoungGen      total 199168K, used 74069K [0x00000000eab00000, 0x0000000100000000, 0x0000000100000000)
  eden space 124928K, 0% used [0x00000000eab00000,0x00000000eab00000,0x00000000f2500000)
  from space 74240K, 99% used [0x00000000f2500000,0x00000000f6d556f0,0x00000000f6d80000)
  to   space 115200K, 0% used [0x00000000f8f80000,0x00000000f8f80000,0x0000000100000000)
 ParOldGen       total 250880K, used 226601K [0x00000000c0000000, 0x00000000cf500000, 0x00000000eab00000)
  object space 250880K, 90% used [0x00000000c0000000,0x00000000cdd4a700,0x00000000cf500000)
 Metaspace       used 7000K, capacity 7608K, committed 7936K, reserved 1056768K
  class space    used 628K, capacity 688K, committed 768K, reserved 1048576K
}
Event: 8.178 GC heap before
{Heap before GC invocations=15 (full 2):
 PSYoungGen      total 199168K, used 74069K [0x00000000eab00000, 0x0000000100000000, 0x0000000100000000)
  eden space 124928K, 0% used [0x00000000eab00000,0x00000000eab00000,0x00000000f2500000)
  from space 74240K, 99% used [0x00000000f2500000,0x00000000f6d556f0,0x00000000f6d80000)
  to   space 115200K, 0% used [0x00000000f8f80000,0x00000000f8f80000,0x0000000100000000)
 ParOldGen       total 250880K, used 226601K [0x00000000c0000000, 0x00000000cf500000, 0x00000000eab00000)
  object space 250880K, 90% used [0x00000000c0000000,0x00000000cdd4a700,0x00000000cf500000)
 Metaspace       used 7000K, capacity 7608K, committed 7936K, reserved 1056768K
  class space    used 628K, capacity 688K, committed 768K, reserved 1048576K

